Arguments: 
  /home/joseph/.nvm/versions/node/v16.19.0/bin/node /home/joseph/.nvm/versions/node/v16.19.0/bin/yarn add laravel-mix --save-dev

PATH: 
  /home/joseph/anaconda3/bin:/home/joseph/anaconda3/condabin:/home/joseph/.nvm/versions/node/v16.19.0/bin:/home/joseph/usr/local/coding/python/web-auto:/home/joseph/.rvm/gems/ruby-3.0.0/bin:/home/joseph/.rvm/gems/ruby-3.0.0@global/bin:/home/joseph/.rvm/rubies/ruby-3.0.0/bin:/home/joseph/.local/bin:/usr/local/sbin:/usr/local/bin:/usr/sbin:/usr/bin:/sbin:/bin:/usr/games:/usr/local/games:/snap/bin:/home/joseph/.dotnet/tools:/home/joseph/.rvm/bin:/tools:/platform-tools:/home/joseph/.rvm/bin:/usr/lib/jvm/java-17-openjdk-amd64/bin

Yarn version: 
  1.22.19

Node version: 
  16.19.0

Platform: 
  linux x64

Trace: 
  Error: aborted
      at connResetException (node:internal/errors:705:14)
      at TLSSocket.socketCloseListener (node:_http_client:454:19)
      at TLSSocket.emit (node:events:525:35)
      at node:net:301:12
      at TCP.done (node:_tls_wrap:588:7)

npm manifest: 
  {
    "devDependencies": {
      "laravel-mix": "^6.0.49"
    }
  }

yarn manifest: 
  No manifest

Lockfile: 
  No lockfile
